2015-11-04 14:44:49 - PHP Notice:  Undefined index: shipping_firstname in E:\www\opencart\work\pav_clothes\catalog\controller\checkout\nicocheckout.php on line 497
2015-11-04 14:44:49 - PHP Notice:  Undefined index: shipping_lastname in E:\www\opencart\work\pav_clothes\catalog\controller\checkout\nicocheckout.php on line 501
2015-11-04 14:44:49 - PHP Notice:  Undefined index: shipping_address_1 in E:\www\opencart\work\pav_clothes\catalog\controller\checkout\nicocheckout.php on line 505
2015-11-04 14:44:49 - PHP Notice:  Undefined index: shipping_country_id in E:\www\opencart\work\pav_clothes\catalog\controller\checkout\nicocheckout.php on line 519
2015-11-04 14:44:49 - PHP Notice:  Undefined index: shipping_postcode in E:\www\opencart\work\pav_clothes\catalog\controller\checkout\nicocheckout.php on line 521
2015-11-04 14:44:49 - PHP Notice:  Undefined index: code in E:\www\opencart\work\pav_clothes\catalog\view\theme\pav_clothes\template\checkout\nicocheckout.tpl on line 401
2015-11-04 14:44:49 - PHP Notice:  Undefined index: code in E:\www\opencart\work\pav_clothes\catalog\view\theme\pav_clothes\template\checkout\nicocheckout.tpl on line 408
2015-11-04 14:44:49 - PHP Notice:  Undefined index: code in E:\www\opencart\work\pav_clothes\catalog\view\theme\pav_clothes\template\checkout\nicocheckout.tpl on line 401
2015-11-04 14:44:49 - PHP Notice:  Undefined index: code in E:\www\opencart\work\pav_clothes\catalog\view\theme\pav_clothes\template\checkout\nicocheckout.tpl on line 408
2015-11-04 14:44:49 - PHP Notice:  Undefined index: code in E:\www\opencart\work\pav_clothes\catalog\view\theme\pav_clothes\template\checkout\nicocheckout.tpl on line 401
2015-11-04 14:44:49 - PHP Notice:  Undefined index: code in E:\www\opencart\work\pav_clothes\catalog\view\theme\pav_clothes\template\checkout\nicocheckout.tpl on line 408
2015-11-04 14:44:49 - PHP Notice:  Undefined variable: zone_id in E:\www\opencart\work\pav_clothes\catalog\view\theme\pav_clothes\template\checkout\nicocheckout.tpl on line 536
2015-11-04 14:44:52 - PHP Notice:  Undefined index: shipping_firstname in E:\www\opencart\work\pav_clothes\catalog\controller\checkout\nicocheckout.php on line 497
2015-11-04 14:44:52 - PHP Notice:  Undefined index: shipping_lastname in E:\www\opencart\work\pav_clothes\catalog\controller\checkout\nicocheckout.php on line 501
2015-11-04 14:44:52 - PHP Notice:  Undefined index: shipping_address_1 in E:\www\opencart\work\pav_clothes\catalog\controller\checkout\nicocheckout.php on line 505
2015-11-04 14:44:52 - PHP Notice:  Undefined index: shipping_country_id in E:\www\opencart\work\pav_clothes\catalog\controller\checkout\nicocheckout.php on line 519
2015-11-04 14:44:52 - PHP Notice:  Undefined index: shipping_postcode in E:\www\opencart\work\pav_clothes\catalog\controller\checkout\nicocheckout.php on line 521
2015-11-04 14:44:52 - PHP Notice:  Undefined index: code in E:\www\opencart\work\pav_clothes\catalog\view\theme\pav_clothes\template\checkout\nicocheckout.tpl on line 401
2015-11-04 14:44:52 - PHP Notice:  Undefined index: code in E:\www\opencart\work\pav_clothes\catalog\view\theme\pav_clothes\template\checkout\nicocheckout.tpl on line 408
2015-11-04 14:44:52 - PHP Notice:  Undefined index: code in E:\www\opencart\work\pav_clothes\catalog\view\theme\pav_clothes\template\checkout\nicocheckout.tpl on line 401
2015-11-04 14:44:52 - PHP Notice:  Undefined index: code in E:\www\opencart\work\pav_clothes\catalog\view\theme\pav_clothes\template\checkout\nicocheckout.tpl on line 408
2015-11-04 14:44:52 - PHP Notice:  Undefined index: code in E:\www\opencart\work\pav_clothes\catalog\view\theme\pav_clothes\template\checkout\nicocheckout.tpl on line 401
2015-11-04 14:44:52 - PHP Notice:  Undefined index: code in E:\www\opencart\work\pav_clothes\catalog\view\theme\pav_clothes\template\checkout\nicocheckout.tpl on line 408
2015-11-04 14:44:52 - PHP Notice:  Undefined variable: zone_id in E:\www\opencart\work\pav_clothes\catalog\view\theme\pav_clothes\template\checkout\nicocheckout.tpl on line 536
2015-11-04 14:44:59 - PHP Notice:  Undefined index: error in E:\www\opencart\work\pav_clothes\catalog\controller\checkout\nicocheckout.php on line 2949
2015-11-04 14:44:59 - PHP Notice:  Undefined index: shipping_telephone in E:\www\opencart\work\pav_clothes\catalog\controller\checkout\nicocheckout.php on line 1898
2015-11-04 14:44:59 - PHP Notice:  Undefined index: shipping_firstname in E:\www\opencart\work\pav_clothes\catalog\controller\checkout\nicocheckout.php on line 1899
2015-11-04 14:44:59 - PHP Notice:  Undefined index: shipping_lastname in E:\www\opencart\work\pav_clothes\catalog\controller\checkout\nicocheckout.php on line 1900
2015-11-04 14:44:59 - PHP Notice:  Undefined index: payment_firstname in E:\www\opencart\work\pav_clothes\catalog\model\checkout\order.php on line 10
2015-11-04 14:44:59 - PHP Notice:  Undefined index: payment_lastname in E:\www\opencart\work\pav_clothes\catalog\model\checkout\order.php on line 10
2015-11-04 14:44:59 - PHP Notice:  Undefined index: payment_company in E:\www\opencart\work\pav_clothes\catalog\model\checkout\order.php on line 10
2015-11-04 14:44:59 - PHP Notice:  Undefined index: payment_address_1 in E:\www\opencart\work\pav_clothes\catalog\model\checkout\order.php on line 10
2015-11-04 14:44:59 - PHP Notice:  Undefined index: payment_address_2 in E:\www\opencart\work\pav_clothes\catalog\model\checkout\order.php on line 10
2015-11-04 14:44:59 - PHP Notice:  Undefined index: payment_city in E:\www\opencart\work\pav_clothes\catalog\model\checkout\order.php on line 10
2015-11-04 14:44:59 - PHP Notice:  Undefined index: payment_postcode in E:\www\opencart\work\pav_clothes\catalog\model\checkout\order.php on line 10
2015-11-04 14:44:59 - PHP Notice:  Undefined index: payment_country in E:\www\opencart\work\pav_clothes\catalog\model\checkout\order.php on line 10
2015-11-04 14:44:59 - PHP Notice:  Undefined index: payment_country_id in E:\www\opencart\work\pav_clothes\catalog\model\checkout\order.php on line 10
2015-11-04 14:44:59 - PHP Notice:  Undefined index: payment_zone in E:\www\opencart\work\pav_clothes\catalog\model\checkout\order.php on line 10
2015-11-04 14:44:59 - PHP Notice:  Undefined index: payment_zone_id in E:\www\opencart\work\pav_clothes\catalog\model\checkout\order.php on line 10
2015-11-04 14:44:59 - PHP Notice:  Undefined index: payment_country_code in E:\www\opencart\work\pav_clothes\catalog\model\checkout\order.php on line 10
2015-11-04 14:44:59 - PHP Notice:  Undefined index: payment_zone_code in E:\www\opencart\work\pav_clothes\catalog\model\checkout\order.php on line 10
2015-11-04 14:44:59 - PHP Notice:  Undefined index: payment_telephone in E:\www\opencart\work\pav_clothes\catalog\model\checkout\order.php on line 10
2015-11-04 14:44:59 - PHP Notice:  Undefined index: payment_address_format in E:\www\opencart\work\pav_clothes\catalog\model\checkout\order.php on line 10
